06.2016.11 18:11:14	58.67	50.46	53.9	25.86
06.2016.11 18:11:15	56.85	51.37	54.73	26.91
06.2016.11 18:11:16	58.56	53.35	53.79	29.14
06.2016.11 18:11:17	57.17	54.3	55.0	27.17
06.2016.11 18:11:18	56.49	52.33	56.04	26.69
06.2016.11 18:11:19	55.88	52.3	55.58	27.45
06.2016.11 18:11:20	58.73	50.86	56.63	28.85
06.2016.11 18:11:21	56.23	51.28	54.41	27.73
06.2016.11 18:11:22	56.84	53.42	54.12	26.92
06.2016.11 18:11:23	58.94	50.04	56.38	27.11
06.2016.11 18:11:24	59.15	53.9	55.27	26.6
06.2016.11 18:11:25	58.89	54.16	53.4	26.27
06.2016.11 18:11:26	55.7	54.08	56.99	27.75
06.2016.11 18:11:27	59.39	51.86	56.01	28.19
06.2016.11 18:11:28	57.95	51.62	55.38	29.98
06.2016.11 18:11:29	59.75	53.9	56.82	28.76
06.2016.11 18:11:30	55.46	50.74	56.32	29.09
06.2016.11 18:11:31	58.23	53.11	54.67	28.52
06.2016.11 18:11:32	58.28	53.62	56.68	29.39
06.2016.11 18:11:33	58.95	53.06	56.9	27.88
06.2016.11 18:11:34	59.63	53.99	56.72	28.39
06.2016.11 18:11:35	56.43	52.37	54.74	28.73
06.2016.11 18:11:36	57.31	53.28	54.62	26.66
06.2016.11 18:11:37	56.33	50.35	56.0	28.42
06.2016.11 22:04:10	59.35	50.5	54.45	25.06
06.2016.11 22:04:11	57.12	51.55	55.58	26.64
06.2016.11 22:04:12	57.49	53.06	53.38	25.0
06.2016.11 22:04:13	57.33	53.72	53.95	26.2
06.2016.11 22:04:14	59.04	53.24	56.96	28.54
06.2016.11 22:04:15	56.46	51.52	54.98	28.31
06.2016.11 22:04:16	59.81	54.18	53.59	25.03
06.2016.11 22:04:17	57.59	54.38	54.13	29.97
06.2016.11 22:04:18	59.09	50.14	55.99	29.44
06.2016.11 22:04:19	55.38	51.79	56.85	28.94
06.2016.11 22:04:20	57.86	53.59	55.49	28.72
06.2016.11 22:04:21	57.41	54.09	54.78	26.41
06.2016.11 22:04:22	55.99	50.14	55.05	29.72
06.2016.11 22:04:23	55.53	52.43	53.45	26.13
06.2016.11 22:04:24	55.99	54.8	54.21	27.12
06.2016.11 22:04:25	56.57	51.72	56.56	28.56
06.2016.11 22:04:26	59.46	51.09	56.72	25.76
06.2016.11 22:04:27	59.59	51.65	55.84	26.78
06.2016.11 22:04:28	59.45	52.31	56.99	27.93
06.2016.11 22:04:29	58.68	51.87	53.27	29.97
06.2016.11 22:45:55	55.81	50.54	55.7	29.4
06.2016.11 22:45:56	57.42	50.73	55.53	28.69
06.2016.11 22:45:57	57.57	50.3	56.52	26.48
06.2016.11 23:07:25	58.27	52.88	56.87	25.72
06.2016.11 23:07:26	56.97	52.36	56.46	27.53
06.2016.11 23:07:27	58.99	50.48	56.58	29.94
06.2016.11 23:07:28	59.21	50.66	55.2	28.47
06.2016.11 23:07:29	59.16	53.81	55.46	26.61
